	Exporter version: 4.6.1, Blender version: 2.79 (sub 0)
========= Conversion from Blender to Babylon.js =========
	Scene settings used:
		selected layers only:  false
		flat shading entire scene:  false
		inline textures:  false
		texture directory:  /Users/hamiltonlima/Documents/workspace/robolucha/pocs/babylon/load-model/src/assets/
	Python World class constructor completed
	processing begun of mesh:  wheels
		WARNING: No materials have been assigned: 
		num positions      :  504
		num normals        :  504
		num uvs            :  0
		num uvs2           :  0
		num colors         :  0
		num indices        :  2976
	processing begun of mesh:  left-wheels
		WARNING: No materials have been assigned: 
		num positions      :  504
		num normals        :  504
		num uvs            :  0
		num uvs2           :  0
		num colors         :  0
		num indices        :  2976
	processing begun of mesh:  body
		WARNING: No materials have been assigned: 
		num positions      :  216
		num normals        :  216
		num uvs            :  0
		num uvs2           :  0
		num colors         :  0
		num indices        :  1200
	processing begun of camera (FreeCamera):  Camera
	WARNING: The following object (type - CURVE) is not currently exportable thus ignored: BezierCircle.001
	processing begun of mesh:  right-track
		processing begun of Standard material:  Material.001
		num positions      :  200
		num normals        :  200
		num uvs            :  0
		num uvs2           :  0
		num colors         :  0
		num indices        :  900
	processing begun of mesh:  left-track
		registered as also a user of material:  Material.001
		num positions      :  200
		num normals        :  200
		num uvs            :  0
		num uvs2           :  0
		num colors         :  0
		num indices        :  900
	processing begun of light (POINT):  Lamp
========= Writing of scene file started =========
========= Writing of scene file completed =========
========= end of processing =========
elapsed time:  0 min, 0.0582 secs
